<?xml version="1.0" encoding="UTF-8" standalone="no"?>
<!DOCTYPE log SYSTEM "logger.dtd">
<log>
<record>
  <date>2017-12-04T14:10:18.357-0300</date>
  <logger>HEMILLAINY SUELLEN SOUSA SANTOS</logger>
  <level>FINE</level>
  <message>File 116210802-HEMILLAINY SUELLEN SOUSA SANTOS.zip was received. It was sent by HEMILLAINY SUELLEN SOUSA SANTOS from IP 150.165.74.120</message>
</record>
</log>
<?xml version="1.0" encoding="UTF-8" standalone="no"?>
<!DOCTYPE log SYSTEM "logger.dtd">
<log>
<record>
  <date>2017-12-04T21:46:50.973-0300</date>
  <logger>HEMILLAINY SUELLEN SOUSA SANTOS</logger>
  <level>FINE</level>
  <message>File 116210802-HEMILLAINY SUELLEN SOUSA SANTOS.zip was received. It was sent by HEMILLAINY SUELLEN SOUSA SANTOS from IP 192.168.0.108</message>
</record>
</log>
<?xml version="1.0" encoding="UTF-8" standalone="no"?>
<!DOCTYPE log SYSTEM "logger.dtd">
<log>
<record>
  <date>2017-12-04T22:01:47.193-0300</date>
  <logger>HEMILLAINY SUELLEN SOUSA SANTOS</logger>
  <level>FINE</level>
  <message>File 116210802-HEMILLAINY SUELLEN SOUSA SANTOS.zip was received. It was sent by HEMILLAINY SUELLEN SOUSA SANTOS from IP 192.168.0.108</message>
</record>
