<?xml version="1.0" encoding="UTF-8" standalone="no"?>
<!DOCTYPE log SYSTEM "logger.dtd">
<log>
<record>
  <date>2017-12-11T14:06:10.621-0300</date>
  <logger>HEMILLAINY SUELLEN SOUSA SANTOS</logger>
  <level>FINE</level>
  <message>File 116210802-HEMILLAINY SUELLEN SOUSA SANTOS.zip was received. It was sent by HEMILLAINY SUELLEN SOUSA SANTOS from IP 192.168.0.108</message>
</record>
</log>
<?xml version="1.0" encoding="UTF-8" standalone="no"?>
<!DOCTYPE log SYSTEM "logger.dtd">
<log>
<record>
  <date>2017-12-11T19:05:54.641-0300</date>
  <logger>HEMILLAINY SUELLEN SOUSA SANTOS</logger>
  <level>FINE</level>
  <message>File 116210802-HEMILLAINY SUELLEN SOUSA SANTOS.zip was received. It was sent by HEMILLAINY SUELLEN SOUSA SANTOS from IP 192.168.0.108</message>
</record>
</log>
<?xml version="1.0" encoding="UTF-8" standalone="no"?>
<!DOCTYPE log SYSTEM "logger.dtd">
<log>
<record>
  <date>2017-12-11T19:07:11.120-0300</date>
  <logger>HEMILLAINY SUELLEN SOUSA SANTOS</logger>
  <level>FINE</level>
  <message>File 116210802-HEMILLAINY SUELLEN SOUSA SANTOS.zip was received. It was sent by HEMILLAINY SUELLEN SOUSA SANTOS from IP 192.168.0.108</message>
</record>
