<?xml version="1.0" encoding="UTF-8" standalone="no"?>
<!DOCTYPE log SYSTEM "logger.dtd">
<log>
<record>
  <date>2018-02-26T14:05:57.385-0300</date>
  <logger>HEMILLAINY SUELLEN SOUSA SANTOS</logger>
  <level>FINE</level>
  <message>File 116210802-HEMILLAINY SUELLEN SOUSA SANTOS.zip was received. It was sent by HEMILLAINY SUELLEN SOUSA SANTOS from IP 150.165.42.148</message>
</record>
</log>
<?xml version="1.0" encoding="UTF-8" standalone="no"?>
<!DOCTYPE log SYSTEM "logger.dtd">
<log>
<record>
  <date>2018-02-26T15:35:59.645-0300</date>
  <logger>HEMILLAINY SUELLEN SOUSA SANTOS</logger>
  <level>FINE</level>
  <message>File 116210802-HEMILLAINY SUELLEN SOUSA SANTOS.zip was received. It was sent by HEMILLAINY SUELLEN SOUSA SANTOS from IP 150.165.42.148</message>
</record>
</log>
<?xml version="1.0" encoding="UTF-8" standalone="no"?>
<!DOCTYPE log SYSTEM "logger.dtd">
<log>
<record>
  <date>2018-02-26T15:56:04.493-0300</date>
  <logger>HEMILLAINY SUELLEN SOUSA SANTOS</logger>
  <level>FINE</level>
  <message>File 116210802-HEMILLAINY SUELLEN SOUSA SANTOS.zip was received. It was sent by HEMILLAINY SUELLEN SOUSA SANTOS from IP 150.165.42.148</message>
</record>
</log>
<?xml version="1.0" encoding="UTF-8" standalone="no"?>
<!DOCTYPE log SYSTEM "logger.dtd">
<log>
<record>
  <date>2018-02-26T19:42:46.532-0300</date>
  <logger>HEMILLAINY SUELLEN SOUSA SANTOS</logger>
  <level>FINE</level>
  <message>File 116210802-HEMILLAINY SUELLEN SOUSA SANTOS.zip was received. It was sent by HEMILLAINY SUELLEN SOUSA SANTOS from IP 192.168.15.6</message>
</record>
</log>
<?xml version="1.0" encoding="UTF-8" standalone="no"?>
<!DOCTYPE log SYSTEM "logger.dtd">
<log>
<record>
  <date>2018-02-26T21:06:41.590-0300</date>
  <logger>HEMILLAINY SUELLEN SOUSA SANTOS</logger>
  <level>FINE</level>
  <message>File 116210802-HEMILLAINY SUELLEN SOUSA SANTOS.zip was received. It was sent by HEMILLAINY SUELLEN SOUSA SANTOS from IP 192.168.15.6</message>
</record>
</log>
<?xml version="1.0" encoding="UTF-8" standalone="no"?>
<!DOCTYPE log SYSTEM "logger.dtd">
<log>
<record>
  <date>2018-02-26T23:21:56.378-0300</date>
  <logger>HEMILLAINY SUELLEN SOUSA SANTOS</logger>
  <level>FINE</level>
  <message>File 116210802-HEMILLAINY SUELLEN SOUSA SANTOS.zip was received. It was sent by HEMILLAINY SUELLEN SOUSA SANTOS from IP 192.168.15.6</message>
</record>
